{"C:\\Users\\24996\\Desktop\\651\\frontend\\src\\assets\\room-images\\room1.jpg": {"path":"C:\\Users\\24996\\Desktop\\651\\frontend\\src\\assets\\room-images\\room1.jpg","statementMap":{"0":{"start":{"line":1,"column":0},"end":{"line":1,"column":19}}},"fnMap":{},"branchMap":{},"s":{"0":1},"f":{},"b":{},"_coverageSchema":"43e27e138ebf9cfc5966b082cf9a028302ed4184","hash":"6dc42b14128cbaf98fecf8656094bf4ff0325437"}
,"C:\\Users\\24996\\Desktop\\651\\frontend\\src\\assets\\room-images\\room2.jpg": {"path":"C:\\Users\\24996\\Desktop\\651\\frontend\\src\\assets\\room-images\\room2.jpg","statementMap":{"0":{"start":{"line":1,"column":0},"end":{"line":1,"column":19}}},"fnMap":{},"branchMap":{},"s":{"0":1},"f":{},"b":{},"_coverageSchema":"43e27e138ebf9cfc5966b082cf9a028302ed4184","hash":"c7fa63ae1b3cfa8d845855363bdce20346f3e6fb"}
,"C:\\Users\\24996\\Desktop\\651\\frontend\\src\\assets\\room-images\\room3.jpg": {"path":"C:\\Users\\24996\\Desktop\\651\\frontend\\src\\assets\\room-images\\room3.jpg","statementMap":{"0":{"start":{"line":1,"column":0},"end":{"line":1,"column":19}}},"fnMap":{},"branchMap":{},"s":{"0":1},"f":{},"b":{},"_coverageSchema":"43e27e138ebf9cfc5966b082cf9a028302ed4184","hash":"f10257f9f6d99c7500ea9ca37a99b8aca145032a"}
,"C:\\Users\\24996\\Desktop\\651\\frontend\\src\\assets\\room-images\\room4.jpg": {"path":"C:\\Users\\24996\\Desktop\\651\\frontend\\src\\assets\\room-images\\room4.jpg","statementMap":{"0":{"start":{"line":1,"column":0},"end":{"line":1,"column":19}}},"fnMap":{},"branchMap":{},"s":{"0":1},"f":{},"b":{},"_coverageSchema":"43e27e138ebf9cfc5966b082cf9a028302ed4184","hash":"8ed2e4dfe1784c712eeaff951ce99dfaa6ed6554"}
,"C:\\Users\\24996\\Desktop\\651\\frontend\\src\\assets\\room-images\\room5.jpg": {"path":"C:\\Users\\24996\\Desktop\\651\\frontend\\src\\assets\\room-images\\room5.jpg","statementMap":{"0":{"start":{"line":1,"column":0},"end":{"line":1,"column":19}}},"fnMap":{},"branchMap":{},"s":{"0":1},"f":{},"b":{},"_coverageSchema":"43e27e138ebf9cfc5966b082cf9a028302ed4184","hash":"13ca2311ec1f19778ec70b85ab39c8c70a6448e1"}
,"C:\\Users\\24996\\Desktop\\651\\frontend\\src\\components\\InfoCard.vue": {"path":"C:\\Users\\24996\\Desktop\\651\\frontend\\src\\components\\InfoCard.vue","statementMap":{"0":{"start":{"line":15,"column":0},"end":{"line":23,"column":null}}},"fnMap":{},"branchMap":{},"s":{"0":1},"f":{},"b":{}}
,"C:\\Users\\24996\\Desktop\\651\\frontend\\src\\components\\SignupDialog.vue": {"path":"C:\\Users\\24996\\Desktop\\651\\frontend\\src\\components\\SignupDialog.vue","statementMap":{"0":{"start":{"line":53,"column":0},"end":{"line":198,"column":null}}},"fnMap":{},"branchMap":{},"s":{"0":1},"f":{},"b":{}}
,"C:\\Users\\24996\\Desktop\\651\\frontend\\src\\components\\sideIndex\\AdminIndex.vue": {"path":"C:\\Users\\24996\\Desktop\\651\\frontend\\src\\components\\sideIndex\\AdminIndex.vue","statementMap":{"0":{"start":{"line":31,"column":0},"end":{"line":142,"column":null}}},"fnMap":{},"branchMap":{},"s":{"0":1},"f":{},"b":{}}
,"C:\\Users\\24996\\Desktop\\651\\frontend\\src\\components\\sideIndex\\RepairIndex.vue": {"path":"C:\\Users\\24996\\Desktop\\651\\frontend\\src\\components\\sideIndex\\RepairIndex.vue","statementMap":{"0":{"start":{"line":17,"column":0},"end":{"line":68,"column":null}}},"fnMap":{},"branchMap":{},"s":{"0":1},"f":{},"b":{}}
,"C:\\Users\\24996\\Desktop\\651\\frontend\\src\\components\\sideIndex\\SideIndex.vue": {"path":"C:\\Users\\24996\\Desktop\\651\\frontend\\src\\components\\sideIndex\\SideIndex.vue","statementMap":{"0":{"start":{"line":21,"column":0},"end":{"line":21,"column":null}},"1":{"start":{"line":22,"column":0},"end":{"line":22,"column":null}},"2":{"start":{"line":23,"column":0},"end":{"line":23,"column":null}},"3":{"start":{"line":19,"column":0},"end":{"line":65,"column":null}}},"fnMap":{},"branchMap":{},"s":{"0":1,"1":1,"2":1,"3":1},"f":{},"b":{}}
,"C:\\Users\\24996\\Desktop\\651\\frontend\\src\\components\\sideIndex\\UserIndex.vue": {"path":"C:\\Users\\24996\\Desktop\\651\\frontend\\src\\components\\sideIndex\\UserIndex.vue","statementMap":{"0":{"start":{"line":21,"column":0},"end":{"line":90,"column":null}}},"fnMap":{},"branchMap":{},"s":{"0":1},"f":{},"b":{}}
,"C:\\Users\\24996\\Desktop\\651\\frontend\\src\\views\\AppView.vue": {"path":"C:\\Users\\24996\\Desktop\\651\\frontend\\src\\views\\AppView.vue","statementMap":{"0":{"start":{"line":14,"column":0},"end":{"line":14,"column":null}},"1":{"start":{"line":12,"column":0},"end":{"line":24,"column":null}}},"fnMap":{},"branchMap":{},"s":{"0":1,"1":1},"f":{},"b":{}}
,"C:\\Users\\24996\\Desktop\\651\\frontend\\src\\views\\HomeView.vue": {"path":"C:\\Users\\24996\\Desktop\\651\\frontend\\src\\views\\HomeView.vue","statementMap":{"0":{"start":{"line":251,"column":0},"end":{"line":251,"column":null}},"1":{"start":{"line":249,"column":0},"end":{"line":501,"column":null}}},"fnMap":{},"branchMap":{},"s":{"0":1,"1":1},"f":{},"b":{}}
,"C:\\Users\\24996\\Desktop\\651\\frontend\\src\\views\\Login.vue": {"path":"C:\\Users\\24996\\Desktop\\651\\frontend\\src\\views\\Login.vue","statementMap":{"0":{"start":{"line":74,"column":0},"end":{"line":74,"column":null}},"1":{"start":{"line":72,"column":0},"end":{"line":219,"column":null}}},"fnMap":{},"branchMap":{},"s":{"0":1,"1":1},"f":{},"b":{}}
,"C:\\Users\\24996\\Desktop\\651\\frontend\\src\\views\\client\\RoomDiagram.vue": {"path":"C:\\Users\\24996\\Desktop\\651\\frontend\\src\\views\\client\\RoomDiagram.vue","statementMap":{"0":{"start":{"line":206,"column":0},"end":{"line":206,"column":null}},"1":{"start":{"line":207,"column":0},"end":{"line":207,"column":null}},"2":{"start":{"line":208,"column":0},"end":{"line":208,"column":null}},"3":{"start":{"line":209,"column":0},"end":{"line":209,"column":null}},"4":{"start":{"line":210,"column":0},"end":{"line":210,"column":null}},"5":{"start":{"line":211,"column":0},"end":{"line":211,"column":null}},"6":{"start":{"line":204,"column":0},"end":{"line":379,"column":null}}},"fnMap":{},"branchMap":{},"s":{"0":1,"1":1,"2":1,"3":1,"4":1,"5":1,"6":1},"f":{},"b":{}}
,"C:\\Users\\24996\\Desktop\\651\\frontend\\src\\views\\client\\UserInfo.vue": {"path":"C:\\Users\\24996\\Desktop\\651\\frontend\\src\\views\\client\\UserInfo.vue","statementMap":{"0":{"start":{"line":143,"column":0},"end":{"line":143,"column":null}},"1":{"start":{"line":141,"column":0},"end":{"line":320,"column":null}}},"fnMap":{},"branchMap":{},"s":{"0":1,"1":1},"f":{},"b":{}}
,"C:\\Users\\24996\\Desktop\\651\\frontend\\src\\views\\client\\customerRepairList.vue": {"path":"C:\\Users\\24996\\Desktop\\651\\frontend\\src\\views\\client\\customerRepairList.vue","statementMap":{"0":{"start":{"line":214,"column":0},"end":{"line":414,"column":null}}},"fnMap":{},"branchMap":{},"s":{"0":1},"f":{},"b":{}}
,"C:\\Users\\24996\\Desktop\\651\\frontend\\src\\views\\client\\components\\RentRoomDialog.vue": {"path":"C:\\Users\\24996\\Desktop\\651\\frontend\\src\\views\\client\\components\\RentRoomDialog.vue","statementMap":{"0":{"start":{"line":53,"column":0},"end":{"line":53,"column":null}},"1":{"start":{"line":51,"column":0},"end":{"line":128,"column":null}}},"fnMap":{},"branchMap":{},"s":{"0":2,"1":2},"f":{},"b":{}}
}
