TN:
SF:C:\Users\24996\Desktop\651\frontend\src\assets\room-images\room1.jpg
FNF:0
FNH:0
DA:1,1
LF:1
LH:1
BRF:0
BRH:0
end_of_record
TN:
SF:C:\Users\24996\Desktop\651\frontend\src\assets\room-images\room2.jpg
FNF:0
FNH:0
DA:1,1
LF:1
LH:1
BRF:0
BRH:0
end_of_record
TN:
SF:C:\Users\24996\Desktop\651\frontend\src\assets\room-images\room3.jpg
FNF:0
FNH:0
DA:1,1
LF:1
LH:1
BRF:0
BRH:0
end_of_record
TN:
SF:C:\Users\24996\Desktop\651\frontend\src\assets\room-images\room4.jpg
FNF:0
FNH:0
DA:1,1
LF:1
LH:1
BRF:0
BRH:0
end_of_record
TN:
SF:C:\Users\24996\Desktop\651\frontend\src\assets\room-images\room5.jpg
FNF:0
FNH:0
DA:1,1
LF:1
LH:1
BRF:0
BRH:0
end_of_record
TN:
SF:C:\Users\24996\Desktop\651\frontend\src\components\InfoCard.vue
FNF:0
FNH:0
DA:15,1
LF:1
LH:1
BRF:0
BRH:0
end_of_record
TN:
SF:C:\Users\24996\Desktop\651\frontend\src\components\SignupDialog.vue
FNF:0
FNH:0
DA:53,1
LF:1
LH:1
BRF:0
BRH:0
end_of_record
TN:
SF:C:\Users\24996\Desktop\651\frontend\src\components\sideIndex\AdminIndex.vue
FNF:0
FNH:0
DA:31,1
LF:1
LH:1
BRF:0
BRH:0
end_of_record
TN:
SF:C:\Users\24996\Desktop\651\frontend\src\components\sideIndex\RepairIndex.vue
FNF:0
FNH:0
DA:17,1
LF:1
LH:1
BRF:0
BRH:0
end_of_record
TN:
SF:C:\Users\24996\Desktop\651\frontend\src\components\sideIndex\SideIndex.vue
FNF:0
FNH:0
DA:19,1
DA:21,1
DA:22,1
DA:23,1
LF:4
LH:4
BRF:0
BRH:0
end_of_record
TN:
SF:C:\Users\24996\Desktop\651\frontend\src\components\sideIndex\UserIndex.vue
FNF:0
FNH:0
DA:21,1
LF:1
LH:1
BRF:0
BRH:0
end_of_record
TN:
SF:C:\Users\24996\Desktop\651\frontend\src\views\AppView.vue
FNF:0
FNH:0
DA:12,1
DA:14,1
LF:2
LH:2
BRF:0
BRH:0
end_of_record
TN:
SF:C:\Users\24996\Desktop\651\frontend\src\views\HomeView.vue
FNF:0
FNH:0
DA:249,1
DA:251,1
LF:2
LH:2
BRF:0
BRH:0
end_of_record
TN:
SF:C:\Users\24996\Desktop\651\frontend\src\views\Login.vue
FNF:0
FNH:0
DA:72,1
DA:74,1
LF:2
LH:2
BRF:0
BRH:0
end_of_record
TN:
SF:C:\Users\24996\Desktop\651\frontend\src\views\client\RoomDiagram.vue
FNF:0
FNH:0
DA:204,1
DA:206,1
DA:207,1
DA:208,1
DA:209,1
DA:210,1
DA:211,1
LF:7
LH:7
BRF:0
BRH:0
end_of_record
TN:
SF:C:\Users\24996\Desktop\651\frontend\src\views\client\UserInfo.vue
FNF:0
FNH:0
DA:141,1
DA:143,1
LF:2
LH:2
BRF:0
BRH:0
end_of_record
TN:
SF:C:\Users\24996\Desktop\651\frontend\src\views\client\customerRepairList.vue
FNF:0
FNH:0
DA:214,1
LF:1
LH:1
BRF:0
BRH:0
end_of_record
TN:
SF:C:\Users\24996\Desktop\651\frontend\src\views\client\components\RentRoomDialog.vue
FNF:0
FNH:0
DA:51,2
DA:53,2
LF:2
LH:2
BRF:0
BRH:0
end_of_record
